line 106, file sam.cpp, noFleets =
3

line 109, file sam.cpp, fleetTypes =
 0 2 2

line 114, file sam.cpp, ssbPhase =
-1

line 115, file sam.cpp, ssbPowPhase =
-1

line 118, file sam.cpp, fleetTimes =
 0 0.125 0.625

line 121, file sam.cpp, noYears =
54

line 124, file sam.cpp, years =
 1963 1964 1965 1966 1967 1968 1969 1970 1971 1972 1973 1974 1975 1976 1977 1978 1979 1980 1981 1982 1983 1984 1985 1986 1987 1988 1989 1990 1991 1992 1993 1994 1995 1996 1997 1998 1999 2000 2001 2002 2003 2004 2005 2006 2007 2008 2009 2010 2011 2012 2013 2014 2015 2016

line 128, file sam.cpp, times =
 1962 1963 1964 1965 1966 1967 1968 1969 1970 1971 1972 1973 1974 1975 1976 1977 1978 1979 1980 1981 1982 1983 1984 1985 1986 1987 1988 1989 1990 1991 1992 1993 1994 1995 1996 1997 1998 1999 2000 2001 2002 2003 2004 2005 2006 2007 2008 2009 2010 2011 2012 2013 2014 2015 2016

line 131, file sam.cpp, noObs =
584

line 134, file sam.cpp, idx1 =
 1 7 13 19 25 31 37 43 49 55 61 67 73 79 85 91 97 103 109 115 121 132 143 154 165 176 187 198 209 220 235 250 265 280 295 310 325 340 355 370 385 400 415 430 445 460 475 490 505 520 535 550 565 580

line 137, file sam.cpp, idx2 =
 6 12 18 24 30 36 42 48 54 60 66 72 78 84 90 96 102 108 114 120 131 142 153 164 175 186 197 208 219 234 249 264 279 294 309 324 339 354 369 384 399 414 429 444 459 474 489 504 519 534 549 564 579 584

line 140, file sam.cpp, data =
 1963 1 1 19347.3
 1963 1 2 62279.7
 1963 1 3 7027.91
 1963 1 4 3518.65
 1963 1 5 2774.36
 1963 1 6 1795.89
 1964 1 1 13052.4
 1964 1 2 28541
 1964 1 3 20118.5
 1964 1 4 4284.77
 1964 1 5 1907.66
 1964 1 6 2630.38
 1965 1 1 113655
 1965 1 2 58226.8
 1965 1 3 17646.4
 1965 1 4 9135.49
 1965 1 5 2375.09
 1965 1 6 2030.46
 1966 1 1 126508
 1966 1 2 84326.9
 1966 1 3 29765.8
 1966 1 4 6153.32
 1966 1 5 3361.9
 1966 1 6 2378.16
 1967 1 1 60962.3
 1967 1 2 95275.4
 1967 1 3 32688.9
 1967 1 4 11204.5
 1967 1 5 3254.61
 1967 1 6 3394.49
 1968 1 1 36914.8
 1968 1 2 106373
 1968 1 3 42569.2
 1968 1 4 12330.1
 1968 1 5 6045.57
 1968 1 6 2865.25
 1969 1 1 5434.24
 1969 1 2 32839.5
 1969 1 3 31532
 1969 1 4 13641.4
 1969 1 5 4542.29
 1969 1 6 4155.67
 1970 1 1 107177
 1970 1 2 42403.4
 1970 1 3 18546.8
 1970 1 4 13271.7
 1970 1 5 6265.5
 1970 1 6 3240.55
 1971 1 1 303519
 1971 1 2 191789
 1971 1 3 17179.3
 1971 1 4 6720.11
 1971 1 5 7065.25
 1971 1 6 4426.97
 1972 1 1 42062.3
 1972 1 2 246086
 1972 1 3 48061.7
 1972 1 4 5653.37
 1972 1 5 2712.74
 1972 1 6 5981.95
 1973 1 1 111751
 1973 1 2 48982.6
 1973 1 3 54901.3
 1973 1 4 14001.7
 1973 1 5 2194.67
 1973 1 6 2942.93
 1974 1 1 139635
 1974 1 2 74501.9
 1974 1 3 11418
 1974 1 4 15744.9
 1974 1 5 4600.55
 1974 1 6 2383.06
 1975 1 1 169862
 1975 1 2 63121
 1975 1 3 18848.8
 1975 1 4 4639.87
 1975 1 5 7525.18
 1975 1 6 3083.98
 1976 1 1 232476
 1976 1 2 182989
 1976 1 3 18672.2
 1976 1 4 6707.14
 1976 1 5 1732.04
 1976 1 6 4277.26
 1977 1 1 547729
 1977 1 2 98934.9
 1977 1 3 25989.3
 1977 1 4 4597.35
 1977 1 5 2285.63
 1977 1 6 2726.9
 1978 1 1 58501.2
 1978 1 2 253025
 1978 1 3 17178
 1978 1 4 9396
 1978 1 5 2989.06
 1978 1 6 2145.69
 1979 1 1 615698
 1979 1 2 96412.9
 1979 1 3 44383.6
 1979 1 4 4010.8
 1979 1 5 3374.58
 1979 1 6 1458.27
 1980 1 1 1.24808e+006
 1980 1 2 122048
 1980 1 3 34938
 1980 1 4 12274.4
 1980 1 5 1958.06
 1980 1 6 2113.14
 1981 1 1 175863
 1981 1 2 221933
 1981 1 3 34646.1
 1981 1 4 8953.28
 1981 1 5 4087.99
 1981 1 6 1632.92
 1982 1 1 248166
 1982 1 2 73132.2
 1982 1 3 60005.2
 1982 1 4 9487.47
 1982 1 5 3446.75
 1982 1 6 2826.36
 1983 1 1 80436.5
 1983 1 2 139526
 1983 1 3 21480.4
 1983 1 4 11786.8
 1983 1 5 2803.41
 1983 1 6 2153.3
 1983 2 1 3741.78
 1983 2 2 14132.1
 1983 2 3 1724.21
 1983 2 4 941.861
 1983 2 5 384.664
 1984 1 1 601879
 1984 1 2 78543.5
 1984 1 3 31091.9
 1984 1 4 4237.92
 1984 1 5 3414.98
 1984 1 6 1812.48
 1984 2 1 11153.1
 1984 2 2 5497.36
 1984 2 3 2343.07
 1984 2 4 449.143
 1984 2 5 437.523
 1985 1 1 72096.3
 1985 1 2 153957
 1985 1 3 19003.3
 1985 1 4 7779
 1985 1 5 1368.95
 1985 1 6 1924.62
 1985 2 1 544.18
 1985 2 2 14312.3
 1985 2 3 1967.92
 1985 2 4 741.63
 1985 2 5 240.037
 1986 1 1 663347
 1986 1 2 38069.2
 1986 1 3 34276.6
 1986 1 4 5791.01
 1986 1 5 2980.65
 1986 1 6 1461.24
 1986 2 1 11081.9
 1986 2 2 2284.09
 1986 2 3 3338.45
 1986 2 4 883.189
 1986 2 5 449.113
 1987 1 1 49450.7
 1987 1 2 189722
 1987 1 3 9761.48
 1987 1 4 8688.93
 1987 1 5 1528.24
 1987 1 6 1634.08
 1987 2 1 4343.54
 1987 2 2 13889.5
 1987 2 3 703.163
 1987 2 4 740.469
 1987 2 5 219.116
 1988 1 1 36737.7
 1988 1 2 72108.9
 1988 1 3 43928.6
 1988 1 4 3116.68
 1988 1 5 2543.34
 1988 1 6 1114.46
 1988 2 1 2537.07
 1988 2 2 3376.75
 1988 2 3 3512.02
 1988 2 4 184.407
 1988 2 5 358.844
 1989 1 1 198992
 1989 1 2 44768.3
 1989 1 3 18544.5
 1989 1 4 9791.41
 1989 1 5 994.389
 1989 1 6 1483.64
 1989 2 1 8362.17
 1989 2 2 3247.15
 1989 2 3 2622.34
 1989 2 4 1092.07
 1989 2 5 154.258
 1990 1 1 45503.6
 1990 1 2 102027
 1990 1 3 11873
 1990 1 4 4298.63
 1990 1 5 2444.6
 1990 1 6 748.393
 1990 2 1 1770.07
 1990 2 2 7058.47
 1990 2 3 1148.25
 1990 2 4 427.25
 1990 2 5 487.245
 1991 1 1 60760.8
 1991 1 2 31527.6
 1991 1 3 17002.2
 1991 1 4 3266.53
 1991 1 5 1371.76
 1991 1 6 1439.58
 1991 2 1 1537.86
 1991 2 2 2119.94
 1991 2 3 1874.37
 1991 2 4 492.86
 1991 2 5 271.26
 1992 1 1 129572
 1992 1 2 41352.9
 1992 1 3 8524.8
 1992 1 4 4915.53
 1992 1 5 1040.8
 1992 1 6 920.991
 1992 2 1 8175.95
 1992 2 2 2843.91
 1992 2 3 724.791
 1992 2 4 490.881
 1992 2 5 164.193
 1992 3 1 16659.6
 1992 3 2 1668.03
 1992 3 3 379.051
 1992 3 4 328.817
 1993 1 1 38120.8
 1993 1 2 82709.2
 1993 1 3 11145
 1993 1 4 3126.06
 1993 1 5 1545.9
 1993 1 6 772.172
 1993 2 1 2820.51
 1993 2 2 7559.9
 1993 2 3 931.677
 1993 2 4 324.346
 1993 2 5 248.617
 1993 3 1 4734.55
 1993 3 2 4283.37
 1993 3 3 441.089
 1993 3 4 134.846
 1994 1 1 336092
 1994 1 2 41772.9
 1994 1 3 21044.7
 1994 1 4 3045.39
 1994 1 5 859.201
 1994 1 6 763.93
 1994 2 1 6187.1
 1994 2 2 2041.72
 1994 2 3 1528.11
 1994 2 4 465.481
 1994 2 5 236.696
 1994 3 1 16987
 1994 3 2 2205.09
 1994 3 3 917.318
 1994 3 4 154.23
 1995 1 1 60241.9
 1995 1 2 106084
 1995 1 3 12782.6
 1995 1 4 5222.59
 1995 1 5 790.395
 1995 1 6 503.887
 1995 2 1 6769.18
 1995 2 2 8786.29
 1995 2 3 1633.26
 1995 2 4 539.544
 1995 2 5 158.522
 1995 3 1 9089.09
 1995 3 2 6754.62
 1995 3 3 656.667
 1995 3 4 291.25
 1996 1 1 19124.3
 1996 1 2 59360.4
 1996 1 3 23809.4
 1996 1 4 3125.34
 1996 1 5 1834.24
 1996 1 6 693.075
 1996 2 1 1639.53
 1996 2 2 4144.51
 1996 2 3 2101.74
 1996 2 4 325.733
 1996 2 5 234.192
 1996 3 1 4982.21
 1996 3 2 2881.26
 1996 3 3 972.41
 1996 3 4 208.595
 1997 1 1 109552
 1997 1 2 42493.9
 1997 1 3 18430.3
 1997 1 4 6409.36
 1997 1 5 1221.44
 1997 1 6 926.924
 1997 2 1 13784.8
 1997 2 2 2498.59
 1997 2 3 1156.42
 1997 2 4 506.589
 1997 2 5 169.803
 1997 3 1 29172.5
 1997 3 2 1940.78
 1997 3 3 710.921
 1997 3 4 251.72
 1998 1 1 16700.8
 1998 1 2 171206
 1998 1 3 18293.4
 1998 1 4 5909.24
 1998 1 5 2378.51
 1998 1 6 810.465
 1998 2 1 1578.96
 1998 2 2 9421.22
 1998 2 3 904.929
 1998 2 4 449.399
 1998 2 5 223.886
 1998 3 1 845.777
 1998 3 2 8731.51
 1998 3 3 705.171
 1998 3 4 189.67
 1999 1 1 36792.6
 1999 1 2 15179.5
 1999 1 3 39903.7
 1999 1 4 3958.97
 1999 1 5 1418.56
 1999 1 6 947.334
 1999 2 1 1305.47
 1999 2 2 859.711
 1999 2 3 4033.23
 1999 2 4 362.038
 1999 2 5 212.579
 1999 3 1 3261.62
 1999 3 2 461.156
 1999 3 3 2348.48
 1999 3 4 152.849
 2000 1 1 45117.7
 2000 1 2 27965.4
 2000 1 3 6309.98
 2000 1 4 6529.27
 2000 1 5 995.58
 2000 1 6 573.387
 2000 2 1 3481.66
 2000 2 2 2042.73
 2000 2 3 418.881
 2000 2 4 958.793
 2000 2 5 194.874
 2000 3 1 6320.26
 2000 3 2 915.806
 2000 3 3 111.727
 2000 3 4 334.766
 2001 1 1 7623.65
 2001 1 2 53402.7
 2001 1 3 6797.22
 2001 1 4 1113.8
 2001 1 5 1052.66
 2001 1 6 269.612
 2001 2 1 920.9
 2001 2 2 3624.01
 2001 2 3 812.002
 2001 2 4 162.666
 2001 2 5 162.184
 2001 3 1 1380.1
 2001 3 2 2145.59
 2001 3 3 362
 2001 3 4 74.1747
 2002 1 1 30692.5
 2002 1 2 21265.3
 2002 1 3 17012.2
 2002 1 4 2804.69
 2002 1 5 395.07
 2002 1 6 502.898
 2002 2 1 2474.57
 2002 2 2 1411.18
 2002 2 3 1497.13
 2002 2 4 248.104
 2002 2 5 53.3464
 2002 3 1 3817.1
 2002 3 2 830.283
 2002 3 3 742.272
 2002 3 4 204.512
 2003 1 1 6134.91
 2003 1 2 14974.7
 2003 1 3 4327.52
 2003 1 4 3127.02
 2003 1 5 397.35
 2003 1 6 151.795
 2003 2 1 364.513
 2003 2 2 2066.03
 2003 2 3 555.687
 2003 2 4 428.005
 2003 2 5 134.335
 2003 3 1 980.977
 2003 3 2 1205.45
 2003 3 3 263.922
 2003 3 4 176.225
 2004 1 1 21806.7
 2004 1 2 12452.1
 2004 1 3 7460.14
 2004 1 4 1649.62
 2004 1 5 944.481
 2004 1 6 210.867
 2004 2 1 2486.79
 2004 2 2 1139.14
 2004 2 3 1155.09
 2004 2 4 215.67
 2004 2 5 183.716
 2004 3 1 3148.2
 2004 3 2 753.564
 2004 3 3 468.063
 2004 3 4 93.2565
 2005 1 1 11222.2
 2005 1 2 16478
 2005 1 3 4830.61
 2005 1 4 1862.92
 2005 1 5 545.582
 2005 1 6 430.559
 2005 2 1 943.493
 2005 2 2 1458.11
 2005 2 3 476.541
 2005 2 4 403.316
 2005 2 5 69.4032
 2005 3 1 1075.17
 2005 3 2 716.808
 2005 3 3 281.616
 2005 3 4 115.613
 2006 1 1 28176.7
 2006 1 2 39742.7
 2006 1 3 6374.89
 2006 1 4 1019.58
 2006 1 5 524.128
 2006 1 6 336.362
 2006 2 1 3493.36
 2006 2 2 857.276
 2006 2 3 747.851
 2006 2 4 155.342
 2006 2 5 88.8159
 2006 3 1 5461.72
 2006 3 2 682.03
 2006 3 3 581.093
 2006 3 4 115.39
 2007 1 1 16946.8
 2007 1 2 29380.7
 2007 1 3 4921.18
 2007 1 4 2042.92
 2007 1 5 450.516
 2007 1 6 249.815
 2007 2 1 1202.53
 2007 2 2 2644.71
 2007 2 3 701.807
 2007 2 4 232.036
 2007 2 5 87.0946
 2007 3 1 1835
 2007 3 2 2275.05
 2007 3 3 425.916
 2007 3 4 167.704
 2008 1 1 11185.1
 2008 1 2 12598.5
 2008 1 3 11721
 2008 1 4 1368.81
 2008 1 5 719.533
 2008 1 6 335.123
 2008 2 1 1910.62
 2008 2 2 1051.92
 2008 2 3 1194.02
 2008 2 4 299.299
 2008 2 5 208.039
 2008 3 1 2455.73
 2008 3 2 1127.97
 2008 3 3 1084.04
 2008 3 4 219.955
 2009 1 1 10127.2
 2009 1 2 13887.3
 2009 1 3 5494.28
 2009 1 4 3538.55
 2009 1 5 646.353
 2009 1 6 356.542
 2009 2 1 961.172
 2009 2 2 1775.1
 2009 2 3 873.44
 2009 2 4 398.222
 2009 2 5 130.538
 2009 3 1 1917.58
 2009 3 2 922.387
 2009 3 3 291.616
 2009 3 4 234.327
 2010 1 1 10986.8
 2010 1 2 14187.8
 2010 1 3 5831.35
 2010 1 4 1646.32
 2010 1 5 1344.18
 2010 1 6 291.592
 2010 2 1 2508.88
 2010 2 2 1583.7
 2010 2 3 1191.47
 2010 2 4 330.117
 2010 2 5 208.617
 2010 3 1 4570.25
 2010 3 2 1661.53
 2010 3 3 540.672
 2010 3 4 179.216
 2011 1 1 5034.64
 2011 1 2 12391.1
 2011 1 3 4970.24
 2011 1 4 1488.63
 2011 1 5 616.271
 2011 1 6 540.412
 2011 2 1 662.538
 2011 2 2 2898.17
 2011 2 3 628.036
 2011 2 4 359.335
 2011 2 5 237.313
 2011 3 1 1205.34
 2011 3 2 2767.19
 2011 3 3 864.615
 2011 3 4 358.706
 2012 1 1 11814.8
 2012 1 2 7419.7
 2012 1 3 6789.36
 2012 1 4 2077.42
 2012 1 5 638.137
 2012 1 6 413.183
 2012 2 1 1343.47
 2012 2 2 1542.92
 2012 2 3 1963.47
 2012 2 4 442.232
 2012 2 5 250.254
 2012 3 1 2064.47
 2012 3 2 974.012
 2012 3 3 1239.32
 2012 3 4 364.149
 2013 1 1 6870.78
 2013 1 2 8743.12
 2013 1 3 3918.8
 2013 1 4 2988.53
 2013 1 5 948.684
 2013 1 6 373.756
 2013 2 1 1404.72
 2013 2 2 1367.1
 2013 2 3 804.766
 2013 2 4 591.391
 2013 2 5 401.673
 2013 3 1 3098.67
 2013 3 2 1073.44
 2013 3 3 501.204
 2013 3 4 527.554
 2014 1 1 9995.46
 2014 1 2 10710.7
 2014 1 3 5809.68
 2014 1 4 1768.5
 2014 1 5 1344.7
 2014 1 6 447.215
 2014 2 1 2357.56
 2014 2 2 1723.23
 2014 2 3 790.622
 2014 2 4 302.215
 2014 2 5 370.826
 2014 3 1 3391.89
 2014 3 2 1481.11
 2014 3 3 597.746
 2014 3 4 291.734
 2015 1 1 4976.72
 2015 1 2 15418.4
 2015 1 3 6852.58
 2015 1 4 2118.24
 2015 1 5 798.879
 2015 1 6 844.291
 2015 2 1 1510.25
 2015 2 2 3623.29
 2015 2 3 1278.42
 2015 2 4 465.31
 2015 2 5 205.979
 2015 3 1 1834.02
 2015 3 2 3110.39
 2015 3 3 1085.68
 2015 3 4 466.091
 2016 2 1 878.726
 2016 2 2 1107.19
 2016 2 3 2015.79
 2016 2 4 665.881
 2016 2 5 369.409

line 143, file sam.cpp, logObs =
 9.87031 11.0394 8.85764 8.16583 7.92817 7.49325 9.47673 10.2591 9.90939 8.36282 7.55363 7.87488 11.6409 10.9721 9.77828 9.11992 7.77279 7.61602 11.7481 11.3425 10.3011 8.72475 8.12026 7.77408 11.018 11.4645 10.3948 9.32407 8.08783 8.12991 10.5164 11.5747 10.6589 9.4198 8.70708 7.96041 8.60047 10.3994 10.3588 9.52086 8.42119 8.33223 11.5822 10.655 9.82805 9.49339 8.74281 8.0835 12.6232 12.1642 9.75146 8.81286 8.86294 8.39547 10.6469 12.4134 10.7802 8.64001 7.90572 8.6965 11.624 10.7992 10.9133 9.54694 7.69379 7.98716 11.8468 11.2186 9.34294 9.66427 8.43393 7.77614 12.0427 11.0528 9.84421 8.44244 8.92601 8.03398 12.3565 12.1172 9.83479 8.81093 7.45705 8.36107 13.2135 11.5022 10.1654 8.43323 7.7344 7.91092 10.9768 12.4412 9.75138 9.14804 8.00272 7.67121 13.3305 11.4764 10.7006 8.29675 8.12403 7.285 14.0371 11.7122 10.4613 9.41527 7.57971 7.65593 12.0775 12.3101 10.4529 9.09978 8.31581 7.39813 12.4219 11.2 11.0022 9.15773 8.14519 7.94674 11.2952 11.846 9.9749 9.37473 7.93859 7.67476 8.22732 9.55621 7.45252 6.84786 5.95237 13.3078 11.2714 10.3447 8.35183 8.13593 7.50245 9.31947 8.61202 7.75922 6.10734 6.08113 11.1858 11.9444 9.85237 8.95918 7.2218 7.56248 6.29928 9.56887 7.58473 6.60885 5.48079 13.4051 10.5472 10.4422 8.66406 7.9999 7.28704 9.31307 7.73372 8.11326 6.78354 6.10728 10.8087 12.1533 9.1862 9.0698 7.33187 7.39884 8.37645 9.53889 6.55559 6.60728 5.3896 10.5116 11.1859 10.6903 8.04452 7.84123 7.01613 7.83877 8.12467 8.16395 5.21714 5.88289 12.201 10.7093 9.82793 9.18926 6.90213 7.30226 9.03147 8.08553 7.87182 6.99583 5.03863 10.7255 11.533 9.38202 8.36605 7.80164 6.61793 7.47877 8.86198 7.046 6.05737 6.18877 11.0147 10.3586 9.7411 8.09148 7.22385 7.2721 7.33815 7.65914 7.53603 6.20023 5.60308 11.772 10.6299 9.05073 8.50015 6.94775 6.82545 9.00895 7.95294 6.58588 6.1962 5.10104 9.72074 7.4194 5.93767 5.7955 10.5485 11.3231 9.31875 8.04753 7.34336 6.64921 7.94467 8.93061 6.83699 5.78181 5.51591 8.46264 8.36249 6.08925 4.90413 12.7251 10.64 9.9544 8.02138 6.756 6.63848 8.73022 7.62155 7.33179 6.14307 5.46678 9.7402 7.69852 6.82145 5.03845 11.0061 11.572 9.45584 8.56075 6.67253 6.22235 8.82014 9.08095 7.39833 6.29073 5.06589 9.11483 8.81798 6.48718 5.67418 9.85872 10.9914 10.0778 8.0473 7.51438 6.54114 7.40217 8.32954 7.65052 5.78608 5.45614 8.51363 7.96598 6.87978 5.3404 11.6042 10.6571 9.82175 8.76551 7.10779 6.83187 9.53132 7.82348 7.05308 6.2277 5.13464 10.281 7.57084 6.56656 5.52832 9.72321 12.0506 9.8143 8.68427 7.77423 6.69761 7.36452 9.15072 6.80786 6.10791 5.41113 6.74026 9.07469 6.55844 5.24528 10.5131 9.6277 10.5942 8.28374 7.25739 6.85365 7.17432 6.7566 8.30232 5.89175 5.35931 8.08998 6.13374 7.76152 5.02945 10.717 10.2387 8.74989 8.78405 6.90333 6.35156 8.15526 7.62204 6.03759 6.86567 5.27236 8.75152 6.8198 4.71605 5.81343 8.93901 10.8856 8.82427 7.01553 6.95908 5.59698 6.82535 8.19534 6.6995 5.0917 5.08873 7.22991 7.67117 5.89165 4.30642 10.3318 9.96483 9.74169 7.93905 5.97906 6.22039 7.81382 7.25218 7.31131 5.51385 3.97681 8.24725 6.72177 6.60972 5.32063 8.72175 9.61411 8.37275 8.04783 5.98482 5.02253 5.89856 7.63338 6.32021 6.05914 4.90034 6.88855 7.09461 5.57565 5.17176 9.98997 9.42965 8.91733 7.4083 6.85064 5.35123 7.81875 7.03803 7.05194 5.37375 5.21339 8.05459 6.62481 6.1486 4.53535 9.32565 9.70978 8.48273 7.5299 6.30185 6.06508 6.84959 7.2849 6.16655 5.99972 4.23993 6.98024 6.57481 5.64054 4.75024 10.2463 10.5902 8.76012 6.92714 6.26174 5.81819 8.15862 6.75376 6.6172 5.04563 4.48657 8.60552 6.52507 6.36491 4.74832 9.73783 10.2881 8.5013 7.62213 6.11039 5.52072 7.09219 7.88032 6.55366 5.44689 4.46699 7.5148 7.72976 6.05424 5.1222 9.32234 9.44134 9.36914 7.22169 6.5786 5.8145 7.55518 6.95837 7.08508 5.70144 5.33773 7.80618 7.02817 6.98845 5.39342 9.22298 9.53873 8.61146 8.17147 6.47135 5.87645 6.86815 7.48161 6.77244 5.98701 4.87166 7.55882 6.82696 5.67544 5.45672 9.30445 9.56014 8.671 7.4063 7.20354 5.67535 7.82759 7.36752 7.08294 5.79945 5.3405 8.42732 7.41549 6.29281 5.18859 8.5241 9.42473 8.51122 7.30561 6.42369 6.29233 6.49608 7.97183 6.4426 5.88425 5.46938 7.09451 7.92559 6.76228 5.8825 9.37711 8.91189 8.82311 7.63888 6.45855 6.02389 7.20301 7.34143 7.58247 6.09183 5.52248 7.63263 6.88142 7.12232 5.89756 8.83503 9.07602 8.27354 8.00254 6.85508 5.9236 7.2476 7.22045 6.69055 6.38248 5.99564 8.03873 6.97862 6.21701 6.26825 9.20989 9.279 8.66728 7.47789 7.20393 6.10304 7.76538 7.45195 6.67282 5.71114 5.91573 8.12914 7.30054 6.39317 5.67584 8.51253 9.64332 8.83238 7.65834 6.68321 6.7385 7.32003 8.19514 7.15338 6.1427 5.32777 7.51427 8.0425 6.98996 6.14438 6.77847 7.00958 7.60877 6.50111 5.9119

line 145, file sam.cpp, minAgeObs =
1

line 147, file sam.cpp, maxAgeObs =
6

line 158, file sam.cpp, propMature =
 0.01 0.05 0.23 0.62 0.86 1
 0.01 0.05 0.23 0.62 0.86 1
 0.01 0.05 0.23 0.62 0.86 1
 0.01 0.05 0.23 0.62 0.86 1
 0.01 0.05 0.23 0.62 0.86 1
 0.01 0.05 0.23 0.62 0.86 1
 0.01 0.05 0.23 0.62 0.86 1
 0.01 0.05 0.23 0.62 0.86 1
 0.01 0.05 0.23 0.62 0.86 1
 0.01 0.05 0.23 0.62 0.86 1
 0.00787188 0.0300264 0.227576 0.62843 0.858661 1
 0.0071931 0.0352249 0.223362 0.615718 0.845464 1
 0.00651575 0.040423 0.219537 0.60325 0.832551 1
 0.00584262 0.0456228 0.216559 0.591293 0.820302 1
 0.00517832 0.0508318 0.214828 0.580046 0.809128 1
 0.00452925 0.056065 0.214607 0.569602 0.799401 1
 0.00390349 0.0613455 0.216056 0.56001 0.791417 1
 0.00331058 0.0667043 0.219358 0.551419 0.7854 1
 0.00276129 0.0721785 0.224871 0.544241 0.781537 1
 0.00226711 0.0778086 0.233202 0.539252 0.779999 1
 0.00183971 0.0836348 0.245159 0.537566 0.780958 1
 0.0014903 0.0896948 0.261541 0.540464 0.784567 1
 0.00122901 0.0960202 0.282833 0.549097 0.790915 1
 0.00106461 0.102636 0.308891 0.564152 0.799967 1
 0.00100452 0.109559 0.338738 0.585571 0.811512 1
 0.00105524 0.116802 0.370567 0.612422 0.825138 1
 0.00122304 0.124369 0.401996 0.642967 0.840248 1
 0.00151473 0.132265 0.430514 0.674931 0.856118 1
 0.00193806 0.140492 0.454026 0.705888 0.871975 1
 0.00250172 0.149054 0.471347 0.733685 0.887095 1
 0.00321475 0.157955 0.482487 0.756781 0.900877 1
 0.00408551 0.167199 0.488671 0.774426 0.912891 1
 0.00512048 0.17679 0.492061 0.786658 0.92289 1
 0.00632343 0.186723 0.495264 0.794142 0.930794 1
 0.00769506 0.19699 0.500771 0.797917 0.936661 1
 0.00923342 0.207572 0.510454 0.799147 0.940655 1
 0.0109349 0.218437 0.525263 0.798927 0.943022 1
 0.0127953 0.229548 0.545149 0.798196 0.944079 1
 0.0148108 0.240855 0.569215 0.797731 0.944201 1
 0.016978 0.252308 0.596003 0.798187 0.943802 1
 0.0192929 0.263856 0.62381 0.800122 0.943296 1
 0.0217494 0.275455 0.650947 0.803982 0.943037 1
 0.0243373 0.287069 0.675879 0.810019 0.943252 1
 0.0270406 0.298677 0.697266 0.818192 0.943988 1
 0.029837 0.310268 0.713944 0.828089 0.945084 1
 0.0326995 0.321845 0.724918 0.838936 0.946197 1
 0.0355989 0.333416 0.729414 0.84971 0.946875 0.992868
 0.0385077 0.344993 0.727008 0.859353 0.946671 0.979563
 0.0414045 0.356587 0.717779 0.867028 0.945262 1
 0.0442768 0.368203 0.702429 0.87234 0.942543 1
 0.0471221 0.379842 0.682269 0.875441 0.938665 1
 0.0499466 0.391497 0.65902 0.876954 0.933981 1
 0.0527609 0.40316 0.634409 0.877717 0.928924 1
 0.0527609 0.40316 0.634409 0.877717 0.928924 1

line 161, file sam.cpp, stockMeanWeight =
 0.314 0.809 2.647 4.491 6.794 10.2393
 0.357 0.761 2.366 4.528 6.447 9.25927
 0.312 0.9 2.295 4.512 7.274 10.9385
 0.313 0.836 2.437 4.169 7.027 10.9652
 0.326 0.868 2.395 3.153 6.803 10.8022
 0.327 0.848 2.215 4.094 5.341 8.76361
 0.417 0.755 2.127 3.852 5.715 7.66419
 0.449 0.845 2.028 4.001 6.131 9.12267
 0.314 0.834 2.188 4.258 6.528 9.6943
 0.3 0.729 2.08 3.968 6.011 9.20582
 0.335 0.7 1.913 3.776 5.488 8.89503
 0.304 0.901 2.206 4.156 6.174 10.1179
 0.304 0.76 2.348 4.226 6.404 9.55453
 0.198 0.722 2.449 4.577 6.494 9.23619
 0.294 0.673 2.128 4.606 6.714 10.1727
 0.432 0.743 2.001 4.146 6.53 9.76065
 0.291 0.905 2.411 4.423 6.579 10.0904
 0.257 0.917 1.948 4.401 6.109 9.80853
 0.33 0.769 2.186 4.615 7.045 9.91912
 0.358 0.908 1.856 4.13 6.785 9.61993
 0.403 0.882 1.834 3.88 6.491 9.39453
 0.305 0.921 2.156 3.972 6.19 9.57682
 0.314 0.8 2.132 4.164 6.324 9.49489
 0.293 0.782 1.822 3.504 6.23 9.75064
 0.437 0.773 1.955 3.65 6.052 9.50249
 0.466 0.753 1.975 3.187 5.992 9.34791
 0.364 0.932 1.81 3.585 5.273 8.8208
 0.382 0.69 2.165 3.791 5.931 9.76942
 0.393 0.889 1.995 3.971 6.082 8.70889
 0.395 0.97 2.546 4.223 6.247 9.47568
 0.326 0.846 2.477 4.551 6.54 9.11822
 0.305 0.788 2.188 4.471 7.167 9.06925
 0.42 0.768 2.206 4.293 7.22 9.83573
 0.433 0.831 2.095 4.034 6.637 9.3871
 0.386 0.797 2.117 3.821 6.228 8.98765
 0.372 0.634 1.622 3.495 5.387 8.52826
 0.318 0.732 1.405 3.305 5.726 8.07549
 0.354 0.903 1.747 3.216 4.903 8.36223
 0.372 0.606 2.093 3.663 5.871 8.53858
 0.298 0.572 1.576 3.726 5.537 8.50506
 0.285 0.781 1.645 3.298 5.757 8.39397
 0.269 0.496 1.712 3.075 5.175 8.04866
 0.342 0.86 1.529 3.533 5.124 7.7382
 0.25 0.236 1.804 3.828 5.665 8.26801
 0.313 0.893 2.001 4.026 6.117 9.09437
 0.424 0.904 1.966 3.89 6.207 8.44149
 0.406 1.133 2.355 4.023 6.154 8.49256
 0.335 0.965 2.426 4.18 6.033 8.90292
 0.405 0.915 2.438 4.569 6.472 8.14648
 0.274 0.8 2.252 4.154 6.392 8.69516
 0.388 0.932 2.249 4.06 5.999 8.8428
 0.398 0.927 2.237 4.083 5.598 7.9171
 0.36 0.941 2.097 4.031 5.802 7.278
 0.382 0.933 2.195 4.058 5.8 7.93048

line 164, file sam.cpp, catchMeanWeight =
 0.314 0.809 2.647 4.491 6.794 10.2393
 0.357 0.761 2.366 4.528 6.447 9.25927
 0.312 0.9 2.295 4.512 7.274 10.9385
 0.313 0.836 2.437 4.169 7.027 10.9652
 0.326 0.868 2.395 3.153 6.803 10.8022
 0.327 0.848 2.215 4.094 5.341 8.76361
 0.417 0.755 2.127 3.852 5.715 7.66419
 0.449 0.845 2.028 4.001 6.131 9.12267
 0.314 0.834 2.188 4.258 6.528 9.6943
 0.3 0.729 2.08 3.968 6.011 9.20582
 0.335 0.7 1.913 3.776 5.488 8.89503
 0.304 0.901 2.206 4.156 6.174 10.1179
 0.304 0.76 2.348 4.226 6.404 9.55453
 0.198 0.722 2.449 4.577 6.494 9.23619
 0.294 0.673 2.128 4.606 6.714 10.1727
 0.432 0.743 2.001 4.146 6.53 9.76065
 0.291 0.905 2.411 4.423 6.579 10.0904
 0.257 0.917 1.948 4.401 6.109 9.80853
 0.33 0.769 2.186 4.615 7.045 9.91912
 0.358 0.908 1.856 4.13 6.785 9.61993
 0.403 0.882 1.834 3.88 6.491 9.39453
 0.305 0.921 2.156 3.972 6.19 9.57682
 0.314 0.8 2.132 4.164 6.324 9.49489
 0.293 0.782 1.822 3.504 6.23 9.75064
 0.437 0.773 1.955 3.65 6.052 9.50249
 0.466 0.753 1.975 3.187 5.992 9.34791
 0.364 0.932 1.81 3.585 5.273 8.8208
 0.382 0.69 2.165 3.791 5.931 9.76942
 0.393 0.889 1.995 3.971 6.082 8.70889
 0.395 0.97 2.546 4.223 6.247 9.47568
 0.326 0.846 2.477 4.551 6.54 9.11822
 0.305 0.788 2.188 4.471 7.167 9.06925
 0.42 0.768 2.206 4.293 7.22 9.83573
 0.433 0.831 2.095 4.034 6.637 9.3871
 0.386 0.797 2.117 3.821 6.228 8.98765
 0.372 0.634 1.622 3.495 5.387 8.52826
 0.318 0.732 1.405 3.305 5.726 8.07549
 0.354 0.903 1.747 3.216 4.903 8.36223
 0.372 0.606 2.093 3.663 5.871 8.53858
 0.298 0.572 1.576 3.726 5.537 8.50506
 0.285 0.781 1.645 3.298 5.757 8.39397
 0.269 0.496 1.712 3.075 5.175 8.04866
 0.342 0.86 1.529 3.533 5.124 7.7382
 0.25 0.236 1.804 3.828 5.665 8.26801
 0.313 0.893 2.001 4.026 6.117 9.09437
 0.424 0.904 1.966 3.89 6.207 8.44149
 0.406 1.133 2.355 4.023 6.154 8.49256
 0.335 0.965 2.426 4.18 6.033 8.90292
 0.405 0.915 2.438 4.569 6.472 8.14648
 0.274 0.8 2.252 4.154 6.392 8.69516
 0.388 0.932 2.249 4.06 5.999 8.8428
 0.398 0.927 2.237 4.083 5.598 7.9171
 0.36 0.941 2.097 4.031 5.802 7.278

line 167, file sam.cpp, natMor =
 1.20773 0.766585 0.21144 0.2 0.2 0.2
 1.20773 0.766585 0.21144 0.2 0.2 0.2
 1.20773 0.766585 0.21144 0.2 0.2 0.2
 1.20773 0.766585 0.21144 0.2 0.2 0.2
 1.20773 0.766585 0.21144 0.2 0.2 0.2
 1.20773 0.766585 0.21144 0.2 0.2 0.2
 1.20773 0.766585 0.21144 0.2 0.2 0.2
 1.20773 0.766585 0.21144 0.2 0.2 0.2
 1.20773 0.766585 0.21144 0.2 0.2 0.2
 1.20773 0.766585 0.21144 0.2 0.2 0.2
 1.20773 0.766585 0.21144 0.2 0.2 0.2
 1.20773 0.766585 0.21144 0.2 0.2 0.2
 1.23324 0.746488 0.211345 0.2 0.2 0.2
 1.25972 0.728545 0.211268 0.2 0.2 0.2
 1.2863 0.714534 0.211205 0.2 0.2 0.2
 1.31115 0.70545 0.211148 0.2 0.2 0.2
 1.33221 0.701424 0.211091 0.2 0.2 0.2
 1.34873 0.701956 0.211067 0.2 0.2 0.2
 1.35958 0.70559 0.211135 0.2 0.2 0.2
 1.3624 0.710406 0.211324 0.2 0.2 0.2
 1.35683 0.714575 0.211638 0.2 0.2 0.2
 1.34362 0.716975 0.212081 0.2 0.2 0.2
 1.32454 0.717836 0.212646 0.2 0.2 0.2
 1.30066 0.717728 0.213308 0.2 0.2 0.2
 1.27441 0.717646 0.214037 0.2 0.2 0.2
 1.24731 0.718303 0.214784 0.2 0.2 0.2
 1.22045 0.719766 0.215475 0.2 0.2 0.2
 1.19564 0.721577 0.216033 0.2 0.2 0.2
 1.17403 0.723273 0.216407 0.2 0.2 0.2
 1.15679 0.724892 0.216653 0.2 0.2 0.2
 1.14431 0.726884 0.21688 0.2 0.2 0.2
 1.13555 0.72994 0.217206 0.2 0.2 0.2
 1.12886 0.734461 0.21775 0.2 0.2 0.2
 1.1225 0.740418 0.218614 0.2 0.2 0.2
 1.11507 0.747676 0.219887 0.2 0.2 0.2
 1.10638 0.756298 0.221645 0.2 0.2 0.2
 1.09661 0.766564 0.22387 0.2 0.2 0.2
 1.08803 0.779149 0.226475 0.2 0.2 0.2
 1.08372 0.794903 0.229364 0.2 0.2 0.2
 1.08481 0.813898 0.232342 0.2 0.2 0.2
 1.09078 0.834606 0.235086 0.2 0.2 0.2
 1.1003 0.854441 0.237215 0.2 0.2 0.2
 1.11211 0.871157 0.238442 0.2 0.2 0.2
 1.12559 0.883805 0.238676 0.2 0.2 0.2
 1.14092 0.892975 0.238099 0.2 0.2 0.2
 1.15864 0.900201 0.237025 0.2 0.2 0.2
 1.1802 0.907368 0.235781 0.2 0.2 0.2
 1.20778 0.916418 0.234653 0.2 0.2 0.2
 1.24244 0.928853 0.233803 0.2 0.2 0.2
 1.2827 0.944671 0.23321 0.2 0.2 0.2
 1.32553 0.962372 0.232743 0.2 0.2 0.2
 1.32553 0.962372 0.232743 0.2 0.2 0.2
 1.32553 0.962372 0.232743 0.2 0.2 0.2
 1.32553 0.962372 0.232743 0.2 0.2 0.2

line 170, file sam.cpp, landFrac =
 0.16528 0.680434 0.995343 1 1 1
 0.383341 0.783898 0.994278 1 1 1
 0.138437 0.886671 0.994929 1 1 1
 0.143334 0.73763 0.997625 1 1 1
 0.176317 0.740369 0.995116 1 1 1
 0.15712 0.784183 0.99538 1 1 1
 0.539519 0.686998 0.996424 1 1 1
 0.505883 0.795863 0.991815 1 1 1
 0.146939 0.80591 0.997255 1 1 1
 0.0906461 0.758858 0.996315 1 1 1
 0.231189 0.645039 0.995517 1 1 1
 0.110887 0.786878 0.993791 1 1 1
 0.195514 0.743121 1 1 1 1
 0.0244974 0.545274 0.989742 1 1 1
 0.137166 0.514746 0.982132 1 1 1
 0.505857 0.691282 1 1 1 1
 0.0562399 0.945343 1 1 1 1
 0.0499921 0.855043 1 1 1 1
 0.114469 0.845419 0.997711 1 1 1
 0.266838 0.885449 0.998369 1 1 1
 0.316866 0.920233 0.998848 1 1 1
 0.106929 0.840627 0.999844 1 1 1
 0.12199 0.762443 0.99396 1 1 1
 0.15051 0.84867 0.99115 1 1 1
 0.50184 0.673479 1 1 1 1
 0.581462 0.763083 0.995072 1 1 1
 0.110918 0.806011 0.973646 1 1 1
 0.255552 0.527143 0.99343 1 1 1
 0.218691 0.734122 0.973647 1 1 1
 0.209626 0.761067 0.999775 1 1 1
 0.122981 0.654955 0.998972 1 1 1
 0.0457203 0.597732 0.992417 1 1 1
 0.257057 0.590569 0.997663 1 1 1
 0.25468 0.611567 0.96792 1 1 1
 0.213985 0.677575 0.997815 1 1 1
 0.0744407 0.472806 0.918016 1 1 1
 0.15847 0.629095 0.792502 1 1 1
 0.179239 0.803012 1 1 1 1
 0.283857 0.380292 0.889179 1 1 1
 0.144177 0.377567 0.813018 0.993824 1 1
 0.0714647 0.593852 0.820876 0.982544 1 1
 0.0674327 0.281965 0.73098 0.925801 0.993668 0.997928
 0.0899149 0.496108 0.628421 0.920202 0.878852 0.968036
 0.0456522 0.110737 0.691795 0.95041 0.992667 0.994714
 0.0458049 0.215585 0.460124 0.764504 0.884338 0.895095
 0.0302424 0.259375 0.352331 0.837062 0.981013 0.966203
 0.0512259 0.347992 0.516707 0.816286 0.922571 0.91984
 0.101936 0.355045 0.785014 0.960676 0.977992 0.999478
 0.218312 0.366427 0.813945 0.94564 0.990099 0.989004
 0.0563237 0.300489 0.790487 0.944727 0.992421 0.994673
 0.0993557 0.307436 0.781558 0.867173 0.912193 0.85094
 0.224069 0.392744 0.75321 0.907582 0.95664 0.988383
 0.141843 0.417043 0.713963 0.915425 0.931915 0.898654

line 173, file sam.cpp, catchMeanWeightD =
 0.27 0.393 0.505 0 0 0
 0.27 0.393 0.508 0 0 0
 0.269 0.392 0.506 0 0 0
 0.269 0.392 0.509 0 0 0
 0.269 0.392 0.506 0 0 0
 0.269 0.392 0.505 0 0 0
 0.268 0.392 0.504 0 0 0
 0.268 0.392 0.505 0 0 0
 0.268 0.392 0.508 0 0 0
 0.268 0.392 0.507 0 0 0
 0.268 0.392 0.507 0 0 0
 0.268 0.392 0.508 0 0 0
 0.227 0.359 0 0 0 0
 0.189 0.354 0.412 0 0 0
 0.255 0.382 0.376 0 0 0
 0.287 0.309 0 0 0 0
 0.276 0.361 0 0 0 0
 0.242 0.411 0 0 0 0
 0.279 0.396 0.517 0 0 0
 0.274 0.489 0.593 0 0 0
 0.297 0.458 0.534 0 0 0
 0.27 0.469 0.509 0 0 0
 0.276 0.376 0.652 0 0 0
 0.242 0.365 0.437 0 0 0
 0.237 0.353 0 0 0 0
 0.3 0.339 0.463 0 0 0
 0.326 0.431 0.484 0 0 0
 0.26 0.371 0.526 0 0 0
 0.315 0.366 0.395 0 0 0
 0.314 0.408 2.309 0 0 0
 0.274 0.429 0.705 0 0 0
 0.287 0.362 0.483 0 0 0
 0.316 0.404 0.553 0 0 0
 0.342 0.38 0.515 0 0 0
 0.313 0.453 0.616 0 0 0
 0.358 0.375 0.481 0 0 0
 0.257 0.389 0.422 0 0 0
 0.298 0.422 0 0 0 0
 0.232 0.361 0.406 0 0 0
 0.243 0.314 0.413 2.205 0 0
 0.262 0.345 0.498 0.528 0 0
 0.236 0.27 0.686 0.864 3.852 11.3
 0.302 0.565 0.814 2.223 4.255 6.71937
 0.224 0.116 0.827 2.557 4.208 9.33244
 0.288 0.814 1.69 3.949 6.609 10.601
 0.404 0.735 1.699 3.002 5.311 9.29966
 0.385 0.984 2.013 3.485 6.565 10.3609
 0.292 0.785 1.533 3.137 5.323 8.34345
 0.277 0.677 2.057 4.099 5.576 6.47166
 0.234 0.556 1.867 3.803 6.456 9.80542
 0.334 0.796 1.493 3.375 4.048 8.07188
 0.311 0.742 1.772 3.128 3.826 4.64163
 0.321 0.756 1.616 3.157 3.983 5.71412

line 176, file sam.cpp, catchMeanWeightL =
 0.538 1.004 2.657 4.491 6.794 10.2393
 0.496 0.863 2.377 4.528 6.447 9.25927
 0.581 0.965 2.304 4.512 7.274 10.9385
 0.579 0.994 2.442 4.169 7.027 10.9652
 0.59 1.035 2.404 3.153 6.803 10.8022
 0.64 0.973 2.223 4.094 5.341 8.76361
 0.544 0.921 2.133 3.852 5.715 7.66419
 0.626 0.961 2.041 4.001 6.131 9.12267
 0.579 0.941 2.193 4.258 6.528 9.6943
 0.616 0.836 2.086 3.968 6.011 9.20582
 0.559 0.869 1.919 3.776 5.488 8.89503
 0.594 1.039 2.217 4.156 6.174 10.1179
 0.619 0.899 2.348 4.226 6.404 9.55453
 0.568 1.029 2.47 4.577 6.494 9.23619
 0.541 0.948 2.16 4.606 6.714 10.1727
 0.573 0.937 2.001 4.146 6.53 9.76065
 0.55 0.936 2.411 4.423 6.579 10.0904
 0.55 1.003 1.948 4.401 6.109 9.80853
 0.723 0.837 2.19 4.615 7.045 9.91912
 0.589 0.962 1.858 4.13 6.785 9.61993
 0.632 0.919 1.835 3.88 6.491 9.39453
 0.594 1.007 2.156 3.972 6.19 9.57682
 0.59 0.932 2.141 4.164 6.324 9.49489
 0.583 0.856 1.834 3.504 6.23 9.75064
 0.635 0.976 1.955 3.65 6.052 9.50249
 0.585 0.881 1.982 3.187 5.992 9.34791
 0.673 1.052 1.846 3.585 5.273 8.8208
 0.737 0.976 2.176 3.791 5.931 9.76942
 0.67 1.078 2.038 3.971 6.082 8.70889
 0.699 1.146 2.546 4.223 6.247 9.47568
 0.699 1.065 2.479 4.551 6.54 9.11822
 0.677 1.075 2.201 4.471 7.167 9.06925
 0.721 1.021 2.21 4.293 7.22 9.83573
 0.699 1.117 2.147 4.034 6.637 9.3871
 0.656 0.96 2.12 3.821 6.228 8.98765
 0.542 0.922 1.724 3.495 5.387 8.52826
 0.64 0.935 1.663 3.305 5.726 8.07549
 0.611 1.021 1.747 3.216 4.903 8.36223
 0.725 1.004 2.303 3.663 5.871 8.53858
 0.626 0.996 1.844 3.735 5.537 8.50506
 0.573 1.079 1.895 3.347 5.757 8.39397
 0.726 1.072 2.089 3.252 5.184 8.04183
 0.747 1.16 1.952 3.647 5.244 7.77156
 0.793 1.2 2.239 3.894 5.676 8.26201
 0.83 1.182 2.365 4.05 6.053 8.91805
 1.067 1.389 2.456 4.063 6.224 8.41101
 0.788 1.412 2.674 4.145 6.119 8.32964
 0.715 1.292 2.671 4.223 6.049 8.90322
 0.862 1.328 2.525 4.596 6.481 8.16493
 0.938 1.369 2.354 4.175 6.391 8.68946
 0.883 1.24 2.461 4.164 6.187 8.97754
 0.699 1.213 2.39 4.18 5.678 7.95567
 0.594 1.198 2.29 4.111 5.935 7.45429

line 179, file sam.cpp, Fprop =
 0 0 0 0 0 0
 0 0 0 0 0 0
 0 0 0 0 0 0
 0 0 0 0 0 0
 0 0 0 0 0 0
 0 0 0 0 0 0
 0 0 0 0 0 0
 0 0 0 0 0 0
 0 0 0 0 0 0
 0 0 0 0 0 0
 0 0 0 0 0 0
 0 0 0 0 0 0
 0 0 0 0 0 0
 0 0 0 0 0 0
 0 0 0 0 0 0
 0 0 0 0 0 0
 0 0 0 0 0 0
 0 0 0 0 0 0
 0 0 0 0 0 0
 0 0 0 0 0 0
 0 0 0 0 0 0
 0 0 0 0 0 0
 0 0 0 0 0 0
 0 0 0 0 0 0
 0 0 0 0 0 0
 0 0 0 0 0 0
 0 0 0 0 0 0
 0 0 0 0 0 0
 0 0 0 0 0 0
 0 0 0 0 0 0
 0 0 0 0 0 0
 0 0 0 0 0 0
 0 0 0 0 0 0
 0 0 0 0 0 0
 0 0 0 0 0 0
 0 0 0 0 0 0
 0 0 0 0 0 0
 0 0 0 0 0 0
 0 0 0 0 0 0
 0 0 0 0 0 0
 0 0 0 0 0 0
 0 0 0 0 0 0
 0 0 0 0 0 0
 0 0 0 0 0 0
 0 0 0 0 0 0
 0 0 0 0 0 0
 0 0 0 0 0 0
 0 0 0 0 0 0
 0 0 0 0 0 0
 0 0 0 0 0 0
 0 0 0 0 0 0
 0 0 0 0 0 0
 0 0 0 0 0 0
 0 0 0 0 0 0

line 182, file sam.cpp, Mprop =
 0 0 0 0 0 0
 0 0 0 0 0 0
 0 0 0 0 0 0
 0 0 0 0 0 0
 0 0 0 0 0 0
 0 0 0 0 0 0
 0 0 0 0 0 0
 0 0 0 0 0 0
 0 0 0 0 0 0
 0 0 0 0 0 0
 0 0 0 0 0 0
 0 0 0 0 0 0
 0 0 0 0 0 0
 0 0 0 0 0 0
 0 0 0 0 0 0
 0 0 0 0 0 0
 0 0 0 0 0 0
 0 0 0 0 0 0
 0 0 0 0 0 0
 0 0 0 0 0 0
 0 0 0 0 0 0
 0 0 0 0 0 0
 0 0 0 0 0 0
 0 0 0 0 0 0
 0 0 0 0 0 0
 0 0 0 0 0 0
 0 0 0 0 0 0
 0 0 0 0 0 0
 0 0 0 0 0 0
 0 0 0 0 0 0
 0 0 0 0 0 0
 0 0 0 0 0 0
 0 0 0 0 0 0
 0 0 0 0 0 0
 0 0 0 0 0 0
 0 0 0 0 0 0
 0 0 0 0 0 0
 0 0 0 0 0 0
 0 0 0 0 0 0
 0 0 0 0 0 0
 0 0 0 0 0 0
 0 0 0 0 0 0
 0 0 0 0 0 0
 0 0 0 0 0 0
 0 0 0 0 0 0
 0 0 0 0 0 0
 0 0 0 0 0 0
 0 0 0 0 0 0
 0 0 0 0 0 0
 0 0 0 0 0 0
 0 0 0 0 0 0
 0 0 0 0 0 0
 0 0 0 0 0 0
 0 0 0 0 0 0

line 188, file sam.cpp, minAge =
1

line 191, file sam.cpp, maxAge =
6

line 194, file sam.cpp, maxAgePlusGroup =
1

line 201, file sam.cpp, keyLogFsta =
 1 2 3 4 5 6
 0 0 0 0 0 0
 0 0 0 0 0 0

line 203, file sam.cpp, noLogFsta =
6

line 206, file sam.cpp, corFlag =
2

line 209, file sam.cpp, keyLogFpar =
 0 0 0 0 0 0
 1 2 3 4 5 0
 6 7 8 9 0 0

line 211, file sam.cpp, noLogFpar =
9

line 214, file sam.cpp, keyQpow =
 0 0 0 0 0 0
 0 0 0 0 0 0
 0 0 0 0 0 0

line 216, file sam.cpp, noQpow =
0

line 219, file sam.cpp, keyVarF =
 1 2 2 2 2 2
 0 0 0 0 0 0
 0 0 0 0 0 0

line 221, file sam.cpp, noVarF =
2

line 224, file sam.cpp, keyVarLogN =
 1 2 2 2 2 2

line 226, file sam.cpp, noVarLogN =
2

line 229, file sam.cpp, keyVarObs =
 1 2 3 3 3 3
 4 5 5 5 5 0
 6 7 7 7 0 0

line 231, file sam.cpp, noVarObs =
7

line 234, file sam.cpp, stockRecruitmentModelCode =
0

line 237, file sam.cpp, noScaledYears =
13

line 245, file sam.cpp, noScaledPar =
13

line 247, file sam.cpp, stateDim =
12

line 250, file sam.cpp, fbarRange =
 2 4

